Using pre-set license
Built from '2020.3/staging' branch; Version is '2020.3.22f1 (e1a7f79fd887) revision 14788599'; Using compiler version '192528614'; Build Type 'Release'
OS: 'Windows 10 Home; OS build 19043.1706; Version 2009; 64bit' Language: 'es' Physical Memory: 16340 MB
BatchMode: 1, IsHumanControllingUs: 0, StartBugReporterOnCrash: 0, Is64bit: 1, IsPro: 0

COMMAND LINE ARGUMENTS:
C:\Program Files\Unity\Hub\Editor\2020.3.22f1\Editor\Unity.exe
-adb2
-batchMode
-noUpm
-name
AssetImportWorker0
-projectPath
D:/grome/Documents/GitHub/Proyecto_Cupra/CUPRA_TRUCO
-logFile
Logs/AssetImportWorker0.log
-srvPort
51314
Successfully changed project path to: D:/grome/Documents/GitHub/Proyecto_Cupra/CUPRA_TRUCO
D:/grome/Documents/GitHub/Proyecto_Cupra/CUPRA_TRUCO
Using Asset Import Pipeline V2.
Refreshing native plugins compatible for Editor in 83.40 ms, found 3 plugins.
Preloading 0 native plugins for Editor in 0.00 ms.
Initialize engine version: 2020.3.22f1 (e1a7f79fd887)
[Subsystems] Discovering subsystems at path C:/Program Files/Unity/Hub/Editor/2020.3.22f1/Editor/Data/Resources/UnitySubsystems
[Subsystems] Discovering subsystems at path D:/grome/Documents/GitHub/Proyecto_Cupra/CUPRA_TRUCO/Assets
GfxDevice: creating device client; threaded=0
Direct3D:
    Version:  Direct3D 11.0 [level 11.1]
    Renderer: NVIDIA GeForce GTX 1070 (ID=0x1be1)
    Vendor:   
    VRAM:     8081 MB
    Driver:   30.0.15.1259
Initialize mono
Mono path[0] = 'C:/Program Files/Unity/Hub/Editor/2020.3.22f1/Editor/Data/Managed'
Mono path[1] = 'C:/Program Files/Unity/Hub/Editor/2020.3.22f1/Editor/Data/MonoBleedingEdge/lib/mono/unityjit'
Mono config path = 'C:/Program Files/Unity/Hub/Editor/2020.3.22f1/Editor/Data/MonoBleedingEdge/etc'
Using monoOptions --debugger-agent=transport=dt_socket,embedding=1,server=y,suspend=n,address=127.0.0.1:56264
Begin MonoManager ReloadAssembly
Registering precompiled unity dll's ...
Register platform support module: C:/Program Files/Unity/Hub/Editor/2020.3.22f1/Editor/Data/PlaybackEngines/WindowsStandaloneSupport/UnityEditor.WindowsStandalone.Extensions.dll
Registered in 0.003942 seconds.
Native extension for WindowsStandalone target not found
Refreshing native plugins compatible for Editor in 94.39 ms, found 3 plugins.
Preloading 0 native plugins for Editor in 0.00 ms.
Mono: successfully reloaded assembly
- Completed reload, in  3.024 seconds
Domain Reload Profiling:
	ReloadAssembly (3024ms)
		BeginReloadAssembly (66ms)
			ExecutionOrderSort (0ms)
			DisableScriptedObjects (0ms)
			BackupInstance (0ms)
			ReleaseScriptingObjects (0ms)
			CreateAndSetChildDomain (1ms)
		EndReloadAssembly (658ms)
			LoadAssemblies (63ms)
			RebuildTransferFunctionScriptingTraits (0ms)
			SetupTypeCache (207ms)
			ReleaseScriptCaches (0ms)
			RebuildScriptCaches (43ms)
			SetupLoadedEditorAssemblies (256ms)
				LogAssemblyErrors (0ms)
				InitializePlatformSupportModulesInManaged (5ms)
				SetLoadedEditorAssemblies (0ms)
				RefreshPlugins (95ms)
				BeforeProcessingInitializeOnLoad (21ms)
				ProcessInitializeOnLoadAttributes (101ms)
				ProcessInitializeOnLoadMethodAttributes (34ms)
				AfterProcessingInitializeOnLoad (0ms)
				EditorAssembliesLoaded (0ms)
			ExecutionOrderSort2 (0ms)
			AwakeInstancesAfterBackupRestoration (0ms)
Platform modules already initialized, skipping
Registering precompiled user dll's ...
Registered in 0.006585 seconds.
Begin MonoManager ReloadAssembly
Symbol file LoadedFromMemory doesn't match image D:\grome\Documents\GitHub\Proyecto_Cupra\CUPRA_TRUCO\Library\PackageCache\com.unity.visualscripting@1.6.1\Editor\VisualScripting.Core\Dependencies\YamlDotNet\Unity.VisualScripting.YamlDotNet.dll
Symbol file LoadedFromMemory doesn't match image D:\grome\Documents\GitHub\Proyecto_Cupra\CUPRA_TRUCO\Library\PackageCache\com.unity.visualscripting@1.6.1\Editor\VisualScripting.Core\Dependencies\DotNetZip\Unity.VisualScripting.IonicZip.dll
Native extension for WindowsStandalone target not found
Refreshing native plugins compatible for Editor in 0.57 ms, found 3 plugins.
Preloading 0 native plugins for Editor in 0.00 ms.
Mono: successfully reloaded assembly
- Completed reload, in  1.279 seconds
Domain Reload Profiling:
	ReloadAssembly (1280ms)
		BeginReloadAssembly (170ms)
			ExecutionOrderSort (0ms)
			DisableScriptedObjects (6ms)
			BackupInstance (0ms)
			ReleaseScriptingObjects (0ms)
			CreateAndSetChildDomain (23ms)
		EndReloadAssembly (1038ms)
			LoadAssemblies (108ms)
			RebuildTransferFunctionScriptingTraits (0ms)
			SetupTypeCache (370ms)
			ReleaseScriptCaches (1ms)
			RebuildScriptCaches (62ms)
			SetupLoadedEditorAssemblies (396ms)
				LogAssemblyErrors (0ms)
				InitializePlatformSupportModulesInManaged (6ms)
				SetLoadedEditorAssemblies (0ms)
				RefreshPlugins (1ms)
				BeforeProcessingInitializeOnLoad (130ms)
				ProcessInitializeOnLoadAttributes (245ms)
				ProcessInitializeOnLoadMethodAttributes (5ms)
				AfterProcessingInitializeOnLoad (9ms)
				EditorAssembliesLoaded (0ms)
			ExecutionOrderSort2 (0ms)
			AwakeInstancesAfterBackupRestoration (7ms)
Platform modules already initialized, skipping
========================================================================
Worker process is ready to serve import requests
Launched and connected shader compiler UnityShaderCompiler.exe after 0.09 seconds
Refreshing native plugins compatible for Editor in 0.60 ms, found 3 plugins.
Preloading 0 native plugins for Editor in 0.00 ms.
Unloading 2942 Unused Serialized files (Serialized files now loaded: 0)
System memory in use before: 104.1 MB.
System memory in use after: 104.3 MB.

Unloading 22 unused Assets to reduce memory usage. Loaded Objects now: 3373.
Total: 3.623300 ms (FindLiveObjects: 0.313700 ms CreateObjectMapping: 0.276800 ms MarkObjects: 2.911100 ms  DeleteObjects: 0.121000 ms)

AssetImportParameters requested are different than current active one (requested -> active):
  custom:framework-win-MediaFoundation: 216162199b28c13a410421893ffa2e32 -> 
  custom:video-decoder-ogg-theora: a1e56fd34408186e4bbccfd4996cb3dc -> 
  custom:container-muxer-webm: aa71ff27fc2769a1b78a27578f13a17b -> 
  custom:container-demuxer-webm: 4f35f7cbe854078d1ac9338744f61a02 -> 
  custom:container-demuxer-ogg: 62fdf1f143b41e24485cea50d1cbac27 -> 
  custom:video-encoder-webm-vp8: eb34c28f22e8b96e1ab97ce403110664 -> 
  custom:video-decoder-webm-vp8: 9c59270c3fd7afecdb556c50c9e8de78 -> 
  custom:audio-decoder-ogg-vorbis: bf7c407c2cedff20999df2af8eb42d56 -> 
  custom:audio-encoder-webm-vorbis: bf7c407c2cedff20999df2af8eb42d56 -> 
========================================================================
Received Import Request.
  path: Assets/References/UI_V2_DISCORD.jpg
  artifactKey: Guid(92348c906a8829747a11d9151d7d9348) Importer(815301076,1909f56bfc062723c751e8b465ee728b)
Start importing Assets/References/UI_V2_DISCORD.jpg using Guid(92348c906a8829747a11d9151d7d9348) Importer(815301076,1909f56bfc062723c751e8b465ee728b)  -> (artifact id: '9ab6ec5db0c5e6788e69ca1e3ff9423d') in 0.190377 seconds 
  Import took 0.195581 seconds .

========================================================================
Received Import Request.
  Time since last request: 4.245248 seconds.
  path: Assets/UI Elements/PermanentElements
  artifactKey: Guid(3f527a50a53a84644abebf95db0d28fb) Importer(815301076,1909f56bfc062723c751e8b465ee728b)
Start importing Assets/UI Elements/PermanentElements using Guid(3f527a50a53a84644abebf95db0d28fb) Importer(815301076,1909f56bfc062723c751e8b465ee728b)  -> (artifact id: '96dab54977a7f97328c5566771064579') in 0.050490 seconds 
  Import took 0.055763 seconds .

========================================================================
Received Import Request.
  Time since last request: 0.043708 seconds.
  path: Assets/UI Elements/PermanentElements/barra_lateral.png
  artifactKey: Guid(cb32908762e37a0418432b1e45e01270) Importer(815301076,1909f56bfc062723c751e8b465ee728b)
Start importing Assets/UI Elements/PermanentElements/barra_lateral.png using Guid(cb32908762e37a0418432b1e45e01270) Importer(815301076,1909f56bfc062723c751e8b465ee728b)  -> (artifact id: '6340f160b5f85f5da19070389b34c1dc') in 0.053789 seconds 
  Import took 0.058885 seconds .

========================================================================
Received Import Request.
  Time since last request: 0.000338 seconds.
  path: Assets/UI Elements/PermanentElements/DiscUpBar.png
  artifactKey: Guid(2e74184d56973db4ea0f4b6ccda09a9b) Importer(815301076,1909f56bfc062723c751e8b465ee728b)
Start importing Assets/UI Elements/PermanentElements/DiscUpBar.png using Guid(2e74184d56973db4ea0f4b6ccda09a9b) Importer(815301076,1909f56bfc062723c751e8b465ee728b)  -> (artifact id: '0234b1fe0eb88ababc78f1a47e7a2a61') in 0.025284 seconds 
  Import took 0.030701 seconds .

========================================================================
Received Import Request.
  Time since last request: 0.000332 seconds.
  path: Assets/UI Elements/PermanentElements/Play.png
  artifactKey: Guid(cd94ab84e456a894db04c238aa08015b) Importer(815301076,1909f56bfc062723c751e8b465ee728b)
Start importing Assets/UI Elements/PermanentElements/Play.png using Guid(cd94ab84e456a894db04c238aa08015b) Importer(815301076,1909f56bfc062723c751e8b465ee728b)  -> (artifact id: 'bcf8302c01e475ebf7c82416bdc44e3e') in 0.046426 seconds 
  Import took 0.051409 seconds .

========================================================================
Received Import Request.
  Time since last request: 0.000405 seconds.
  path: Assets/UI Elements/PermanentElements/Pause.png
  artifactKey: Guid(e524faa36016a2745badaf1568aa8254) Importer(815301076,1909f56bfc062723c751e8b465ee728b)
Start importing Assets/UI Elements/PermanentElements/Pause.png using Guid(e524faa36016a2745badaf1568aa8254) Importer(815301076,1909f56bfc062723c751e8b465ee728b)  -> (artifact id: '9494234f1b6194d242a3136e7dee2332') in 0.026810 seconds 
  Import took 0.031471 seconds .

========================================================================
Received Import Request.
  Time since last request: 0.000336 seconds.
  path: Assets/UI Elements/PermanentElements/fa233ae7-59b9-418d-bcd0-21d1b232e86b_alta-libre-aspect-ratio_default_0.jpg
  artifactKey: Guid(ca85acc309a24e34297741da95302b4f) Importer(815301076,1909f56bfc062723c751e8b465ee728b)
Start importing Assets/UI Elements/PermanentElements/fa233ae7-59b9-418d-bcd0-21d1b232e86b_alta-libre-aspect-ratio_default_0.jpg using Guid(ca85acc309a24e34297741da95302b4f) Importer(815301076,1909f56bfc062723c751e8b465ee728b)  -> (artifact id: 'c81aca5216f8fb0fadada265f60b1c38') in 0.027915 seconds 
  Import took 0.032928 seconds .

========================================================================
Received Import Request.
  Time since last request: 0.000328 seconds.
  path: Assets/UI Elements/PermanentElements/barra_superior.png
  artifactKey: Guid(647d0986ef0301d4798430b423fb92c8) Importer(815301076,1909f56bfc062723c751e8b465ee728b)
Start importing Assets/UI Elements/PermanentElements/barra_superior.png using Guid(647d0986ef0301d4798430b423fb92c8) Importer(815301076,1909f56bfc062723c751e8b465ee728b)  -> (artifact id: '1a1a842ba73bd1fcb1a0787dd7cf5b56') in 0.019416 seconds 
  Import took 0.025237 seconds .

========================================================================
Received Import Request.
  Time since last request: 1.667203 seconds.
  path: Assets/UI Elements/PermanentElements/Icons
  artifactKey: Guid(6470e8280f1be0c469ba9be8e77beb17) Importer(815301076,1909f56bfc062723c751e8b465ee728b)
Start importing Assets/UI Elements/PermanentElements/Icons using Guid(6470e8280f1be0c469ba9be8e77beb17) Importer(815301076,1909f56bfc062723c751e8b465ee728b)  -> (artifact id: '0aa62ee008cb28680ac4123aa5e0ef2f') in 0.007198 seconds 
  Import took 0.013312 seconds .

========================================================================
Received Import Request.
  Time since last request: 0.060335 seconds.
  path: Assets/UI Elements/PermanentElements/Icons/Icono_Colgar.png
  artifactKey: Guid(461deedb5c0d47947a779fd9401f4f5c) Importer(815301076,1909f56bfc062723c751e8b465ee728b)
Start importing Assets/UI Elements/PermanentElements/Icons/Icono_Colgar.png using Guid(461deedb5c0d47947a779fd9401f4f5c) Importer(815301076,1909f56bfc062723c751e8b465ee728b)  -> (artifact id: 'fcc8689adaaf3a10c1a89b516fe46a32') in 0.016556 seconds 
  Import took 0.022310 seconds .

========================================================================
Received Import Request.
  Time since last request: 0.000350 seconds.
  path: Assets/UI Elements/PermanentElements/Icons/Logo_Persona.png
  artifactKey: Guid(bf0cd082bfb6f9f4b928064c1f51376d) Importer(815301076,1909f56bfc062723c751e8b465ee728b)
Start importing Assets/UI Elements/PermanentElements/Icons/Logo_Persona.png using Guid(bf0cd082bfb6f9f4b928064c1f51376d) Importer(815301076,1909f56bfc062723c751e8b465ee728b)  -> (artifact id: '763fa7aa8a69950ed51f55ff8ce6014c') in 0.018976 seconds 
  Import took 0.025618 seconds .

========================================================================
Received Import Request.
  Time since last request: 0.000309 seconds.
  path: Assets/UI Elements/PermanentElements/Icons/Icono_Start_v4.png
  artifactKey: Guid(892b04a0b1451ff4d807f2cfc7142486) Importer(815301076,1909f56bfc062723c751e8b465ee728b)
Start importing Assets/UI Elements/PermanentElements/Icons/Icono_Start_v4.png using Guid(892b04a0b1451ff4d807f2cfc7142486) Importer(815301076,1909f56bfc062723c751e8b465ee728b)  -> (artifact id: 'c83e7a1a8350d29db3d5d07c325b6e20') in 0.021117 seconds 
  Import took 0.026836 seconds .

========================================================================
Received Import Request.
  Time since last request: 10.193348 seconds.
  path: Assets/UI Elements/PermanentElements/SideBar
  artifactKey: Guid(a98db38b4a25882408fe9cf6e7c6d8fb) Importer(815301076,1909f56bfc062723c751e8b465ee728b)
Start importing Assets/UI Elements/PermanentElements/SideBar using Guid(a98db38b4a25882408fe9cf6e7c6d8fb) Importer(815301076,1909f56bfc062723c751e8b465ee728b)  -> (artifact id: '9474b0f575f22516a23f8fe191eb7403') in 0.048657 seconds 
  Import took 0.054503 seconds .

========================================================================
Received Import Request.
  Time since last request: 0.000333 seconds.
  path: Assets/UI Elements/PermanentElements/SideBar/friend2.png
  artifactKey: Guid(5dd4d7aadadd220469a04fd4518262e3) Importer(815301076,1909f56bfc062723c751e8b465ee728b)
Start importing Assets/UI Elements/PermanentElements/SideBar/friend2.png using Guid(5dd4d7aadadd220469a04fd4518262e3) Importer(815301076,1909f56bfc062723c751e8b465ee728b)  -> (artifact id: 'e355dd52af64417d0e0549d6bfe1dfba') in 0.066864 seconds 
  Import took 0.072613 seconds .

========================================================================
Received Import Request.
  Time since last request: 0.000326 seconds.
  path: Assets/UI Elements/PermanentElements/SideBar/Cupri.png
  artifactKey: Guid(e3096d4a720353648a37353312305a3d) Importer(815301076,1909f56bfc062723c751e8b465ee728b)
Start importing Assets/UI Elements/PermanentElements/SideBar/Cupri.png using Guid(e3096d4a720353648a37353312305a3d) Importer(815301076,1909f56bfc062723c751e8b465ee728b)  -> (artifact id: '93004365d50769c8c5f8a64e88ff95da') in 0.051731 seconds 
  Import took 0.056570 seconds .

========================================================================
Received Import Request.
  Time since last request: 0.000348 seconds.
  path: Assets/UI Elements/PermanentElements/SideBar/Logo_spotify.png
  artifactKey: Guid(085bb1b38d7c29a45802491b68e333cd) Importer(815301076,1909f56bfc062723c751e8b465ee728b)
Start importing Assets/UI Elements/PermanentElements/SideBar/Logo_spotify.png using Guid(085bb1b38d7c29a45802491b68e333cd) Importer(815301076,1909f56bfc062723c751e8b465ee728b)  -> (artifact id: 'c7e7549e9d8226b0580962b81eb05873') in 0.024883 seconds 
  Import took 0.030564 seconds .

========================================================================
Received Import Request.
  Time since last request: 0.000338 seconds.
  path: Assets/UI Elements/PermanentElements/SideBar/Logo_Mapa_v1.png
  artifactKey: Guid(03b73ffd131e0484e92d4b90504f6578) Importer(815301076,1909f56bfc062723c751e8b465ee728b)
Start importing Assets/UI Elements/PermanentElements/SideBar/Logo_Mapa_v1.png using Guid(03b73ffd131e0484e92d4b90504f6578) Importer(815301076,1909f56bfc062723c751e8b465ee728b)  -> (artifact id: '144adfe4be16a5bf506603f44dcb9b8c') in 0.026016 seconds 
  Import took 0.031466 seconds .

========================================================================
Received Import Request.
  Time since last request: 0.000359 seconds.
  path: Assets/UI Elements/PermanentElements/SideBar/DiscordApp.png
  artifactKey: Guid(347726bc511b9894c8eb902af22406f7) Importer(815301076,1909f56bfc062723c751e8b465ee728b)
Start importing Assets/UI Elements/PermanentElements/SideBar/DiscordApp.png using Guid(347726bc511b9894c8eb902af22406f7) Importer(815301076,1909f56bfc062723c751e8b465ee728b)  -> (artifact id: 'bd5fef5de87f962b6bc7bc4f1bc231f5') in 0.026108 seconds 
  Import took 0.032166 seconds .

========================================================================
Received Import Request.
  Time since last request: 0.000314 seconds.
  path: Assets/UI Elements/PermanentElements/SideBar/Logo_Discord_SinNoti.png
  artifactKey: Guid(71d1b9e26d76f054ca5d9f41d033e7f8) Importer(815301076,1909f56bfc062723c751e8b465ee728b)
Start importing Assets/UI Elements/PermanentElements/SideBar/Logo_Discord_SinNoti.png using Guid(71d1b9e26d76f054ca5d9f41d033e7f8) Importer(815301076,1909f56bfc062723c751e8b465ee728b)  -> (artifact id: '4c6449d5c47ee36db647c443436462bd') in 0.029379 seconds 
  Import took 0.035174 seconds .

========================================================================
Received Import Request.
  Time since last request: 0.000228 seconds.
  path: Assets/UI Elements/PermanentElements/SideBar/friend3.PNG
  artifactKey: Guid(e3de7aae4f369414ca06c3a071bcd872) Importer(815301076,1909f56bfc062723c751e8b465ee728b)
Start importing Assets/UI Elements/PermanentElements/SideBar/friend3.PNG using Guid(e3de7aae4f369414ca06c3a071bcd872) Importer(815301076,1909f56bfc062723c751e8b465ee728b)  -> (artifact id: 'c66333b767a408416ab5268ca5937489') in 0.034013 seconds 
  Import took 0.038593 seconds .

========================================================================
Received Import Request.
  Time since last request: 0.000257 seconds.
  path: Assets/UI Elements/PermanentElements/SideBar/Logo_TodasApps.png
  artifactKey: Guid(c0f4e5894daef6e4384a0cf5fc536385) Importer(815301076,1909f56bfc062723c751e8b465ee728b)
Start importing Assets/UI Elements/PermanentElements/SideBar/Logo_TodasApps.png using Guid(c0f4e5894daef6e4384a0cf5fc536385) Importer(815301076,1909f56bfc062723c751e8b465ee728b)  -> (artifact id: 'e717379534dc9b4f11db466a56e8d643') in 0.024595 seconds 
  Import took 0.029715 seconds .

========================================================================
Received Import Request.
  Time since last request: 0.000262 seconds.
  path: Assets/UI Elements/PermanentElements/SideBar/Logo_discord_Notificacion.png
  artifactKey: Guid(5cc42f167d89d5c4c8a4d885664145a9) Importer(815301076,1909f56bfc062723c751e8b465ee728b)
Start importing Assets/UI Elements/PermanentElements/SideBar/Logo_discord_Notificacion.png using Guid(5cc42f167d89d5c4c8a4d885664145a9) Importer(815301076,1909f56bfc062723c751e8b465ee728b)  -> (artifact id: '8329ac887f34d5da831f9feaf38be81b') in 0.023460 seconds 
  Import took 0.028234 seconds .

========================================================================
Received Import Request.
  Time since last request: 0.000247 seconds.
  path: Assets/UI Elements/PermanentElements/SideBar/friend1.png
  artifactKey: Guid(118a6858eb5a6c54c8a378a6c56a3761) Importer(815301076,1909f56bfc062723c751e8b465ee728b)
Start importing Assets/UI Elements/PermanentElements/SideBar/friend1.png using Guid(118a6858eb5a6c54c8a378a6c56a3761) Importer(815301076,1909f56bfc062723c751e8b465ee728b)  -> (artifact id: '3772494ddbecc656baf7f29cef29faa2') in 0.021415 seconds 
  Import took 0.026943 seconds .

========================================================================
Received Import Request.
  Time since last request: 0.000196 seconds.
  path: Assets/UI Elements/PermanentElements/SideBar/Logo_Discord.png
  artifactKey: Guid(3521ab71f1d6fd14ca5b2b100d8fe5a3) Importer(815301076,1909f56bfc062723c751e8b465ee728b)
Start importing Assets/UI Elements/PermanentElements/SideBar/Logo_Discord.png using Guid(3521ab71f1d6fd14ca5b2b100d8fe5a3) Importer(815301076,1909f56bfc062723c751e8b465ee728b)  -> (artifact id: '1e9da75a71006bc69c4e3b72552318e2') in 0.015009 seconds 
  Import took 0.019972 seconds .

========================================================================
Received Import Request.
  Time since last request: 0.000203 seconds.
  path: Assets/UI Elements/PermanentElements/SideBar/Logo_Cupri.png
  artifactKey: Guid(f63e63598860e594aa2e98a2570b1408) Importer(815301076,1909f56bfc062723c751e8b465ee728b)
Start importing Assets/UI Elements/PermanentElements/SideBar/Logo_Cupri.png using Guid(f63e63598860e594aa2e98a2570b1408) Importer(815301076,1909f56bfc062723c751e8b465ee728b)  -> (artifact id: 'bc6a1ca7abc1a6de5c838a9c006fded0') in 0.016869 seconds 
  Import took 0.022643 seconds .

========================================================================
Received Import Request.
  Time since last request: 0.000222 seconds.
  path: Assets/UI Elements/PermanentElements/SideBar/Captura.PNG
  artifactKey: Guid(668d045c63e763f4f9419d65323626b1) Importer(815301076,1909f56bfc062723c751e8b465ee728b)
Start importing Assets/UI Elements/PermanentElements/SideBar/Captura.PNG using Guid(668d045c63e763f4f9419d65323626b1) Importer(815301076,1909f56bfc062723c751e8b465ee728b)  -> (artifact id: '2d8435fa6f8c7978590be1743666bb76') in 0.018411 seconds 
  Import took 0.023128 seconds .

========================================================================
Received Import Request.
  Time since last request: 0.000198 seconds.
  path: Assets/UI Elements/PermanentElements/SideBar/SpotifyApp.png
  artifactKey: Guid(ccc5812da0fb2c541b86935b1a2e7f6f) Importer(815301076,1909f56bfc062723c751e8b465ee728b)
Start importing Assets/UI Elements/PermanentElements/SideBar/SpotifyApp.png using Guid(ccc5812da0fb2c541b86935b1a2e7f6f) Importer(815301076,1909f56bfc062723c751e8b465ee728b)  -> (artifact id: 'c31026ec136bb2ccb9addb6cef134ecb') in 0.054453 seconds 
  Import took 0.062535 seconds .

========================================================================
Received Import Request.
  Time since last request: 0.000571 seconds.
  path: Assets/UI Elements/PermanentElements/SideBar/Logo_comunidad_v2.png
  artifactKey: Guid(b6b726111ee1a6749a977c7128119bc3) Importer(815301076,1909f56bfc062723c751e8b465ee728b)
Start importing Assets/UI Elements/PermanentElements/SideBar/Logo_comunidad_v2.png using Guid(b6b726111ee1a6749a977c7128119bc3) Importer(815301076,1909f56bfc062723c751e8b465ee728b)  -> (artifact id: '5fde2bf6c84e61122afa1df865a518e2') in 0.034511 seconds 
  Import took 0.044525 seconds .

========================================================================
Received Prepare
Registering precompiled user dll's ...
Registered in 0.006058 seconds.
Begin MonoManager ReloadAssembly
Symbol file LoadedFromMemory doesn't match image D:\grome\Documents\GitHub\Proyecto_Cupra\CUPRA_TRUCO\Library\PackageCache\com.unity.visualscripting@1.6.1\Editor\VisualScripting.Core\Dependencies\YamlDotNet\Unity.VisualScripting.YamlDotNet.dll
Symbol file LoadedFromMemory doesn't match image D:\grome\Documents\GitHub\Proyecto_Cupra\CUPRA_TRUCO\Library\PackageCache\com.unity.visualscripting@1.6.1\Editor\VisualScripting.Core\Dependencies\DotNetZip\Unity.VisualScripting.IonicZip.dll
Native extension for WindowsStandalone target not found
Refreshing native plugins compatible for Editor in 0.56 ms, found 3 plugins.
Preloading 0 native plugins for Editor in 0.00 ms.
Mono: successfully reloaded assembly
- Completed reload, in  1.195 seconds
Domain Reload Profiling:
	ReloadAssembly (1195ms)
		BeginReloadAssembly (130ms)
			ExecutionOrderSort (0ms)
			DisableScriptedObjects (5ms)
			BackupInstance (0ms)
			ReleaseScriptingObjects (0ms)
			CreateAndSetChildDomain (40ms)
		EndReloadAssembly (994ms)
			LoadAssemblies (102ms)
			RebuildTransferFunctionScriptingTraits (0ms)
			SetupTypeCache (363ms)
			ReleaseScriptCaches (1ms)
			RebuildScriptCaches (51ms)
			SetupLoadedEditorAssemblies (375ms)
				LogAssemblyErrors (0ms)
				InitializePlatformSupportModulesInManaged (6ms)
				SetLoadedEditorAssemblies (0ms)
				RefreshPlugins (1ms)
				BeforeProcessingInitializeOnLoad (111ms)
				ProcessInitializeOnLoadAttributes (243ms)
				ProcessInitializeOnLoadMethodAttributes (5ms)
				AfterProcessingInitializeOnLoad (9ms)
				EditorAssembliesLoaded (0ms)
			ExecutionOrderSort2 (0ms)
			AwakeInstancesAfterBackupRestoration (7ms)
Platform modules already initialized, skipping
Refreshing native plugins compatible for Editor in 0.57 ms, found 3 plugins.
Preloading 0 native plugins for Editor in 0.00 ms.
Unloading 2936 Unused Serialized files (Serialized files now loaded: 0)
System memory in use before: 107.0 MB.
System memory in use after: 107.2 MB.

Unloading 17 unused Assets to reduce memory usage. Loaded Objects now: 3400.
Total: 3.431600 ms (FindLiveObjects: 0.347800 ms CreateObjectMapping: 0.267700 ms MarkObjects: 2.796000 ms  DeleteObjects: 0.018800 ms)

AssetImportParameters requested are different than current active one (requested -> active):
  custom:framework-win-MediaFoundation: 216162199b28c13a410421893ffa2e32 -> 
  custom:video-decoder-ogg-theora: a1e56fd34408186e4bbccfd4996cb3dc -> 
  custom:container-muxer-webm: aa71ff27fc2769a1b78a27578f13a17b -> 
  custom:container-demuxer-webm: 4f35f7cbe854078d1ac9338744f61a02 -> 
  custom:container-demuxer-ogg: 62fdf1f143b41e24485cea50d1cbac27 -> 
  custom:video-encoder-webm-vp8: eb34c28f22e8b96e1ab97ce403110664 -> 
  custom:video-decoder-webm-vp8: 9c59270c3fd7afecdb556c50c9e8de78 -> 
  custom:audio-decoder-ogg-vorbis: bf7c407c2cedff20999df2af8eb42d56 -> 
  custom:audio-encoder-webm-vorbis: bf7c407c2cedff20999df2af8eb42d56 -> 
========================================================================
Received Prepare
Registering precompiled user dll's ...
Registered in 0.006522 seconds.
Begin MonoManager ReloadAssembly
Symbol file LoadedFromMemory doesn't match image D:\grome\Documents\GitHub\Proyecto_Cupra\CUPRA_TRUCO\Library\PackageCache\com.unity.visualscripting@1.6.1\Editor\VisualScripting.Core\Dependencies\YamlDotNet\Unity.VisualScripting.YamlDotNet.dll
Symbol file LoadedFromMemory doesn't match image D:\grome\Documents\GitHub\Proyecto_Cupra\CUPRA_TRUCO\Library\PackageCache\com.unity.visualscripting@1.6.1\Editor\VisualScripting.Core\Dependencies\DotNetZip\Unity.VisualScripting.IonicZip.dll
Native extension for WindowsStandalone target not found
Refreshing native plugins compatible for Editor in 0.83 ms, found 3 plugins.
Preloading 0 native plugins for Editor in 0.00 ms.
Mono: successfully reloaded assembly
- Completed reload, in  1.252 seconds
Domain Reload Profiling:
	ReloadAssembly (1253ms)
		BeginReloadAssembly (134ms)
			ExecutionOrderSort (0ms)
			DisableScriptedObjects (5ms)
			BackupInstance (0ms)
			ReleaseScriptingObjects (0ms)
			CreateAndSetChildDomain (40ms)
		EndReloadAssembly (1036ms)
			LoadAssemblies (116ms)
			RebuildTransferFunctionScriptingTraits (0ms)
			SetupTypeCache (379ms)
			ReleaseScriptCaches (1ms)
			RebuildScriptCaches (51ms)
			SetupLoadedEditorAssemblies (366ms)
				LogAssemblyErrors (0ms)
				InitializePlatformSupportModulesInManaged (9ms)
				SetLoadedEditorAssemblies (0ms)
				RefreshPlugins (1ms)
				BeforeProcessingInitializeOnLoad (112ms)
				ProcessInitializeOnLoadAttributes (230ms)
				ProcessInitializeOnLoadMethodAttributes (4ms)
				AfterProcessingInitializeOnLoad (9ms)
				EditorAssembliesLoaded (0ms)
			ExecutionOrderSort2 (0ms)
			AwakeInstancesAfterBackupRestoration (8ms)
Platform modules already initialized, skipping
Refreshing native plugins compatible for Editor in 0.70 ms, found 3 plugins.
Preloading 0 native plugins for Editor in 0.00 ms.
Unloading 2936 Unused Serialized files (Serialized files now loaded: 0)
System memory in use before: 107.0 MB.
System memory in use after: 107.2 MB.

Unloading 17 unused Assets to reduce memory usage. Loaded Objects now: 3403.
Total: 3.681100 ms (FindLiveObjects: 0.280900 ms CreateObjectMapping: 0.162700 ms MarkObjects: 3.178800 ms  DeleteObjects: 0.057500 ms)

AssetImportParameters requested are different than current active one (requested -> active):
  custom:framework-win-MediaFoundation: 216162199b28c13a410421893ffa2e32 -> 
  custom:video-decoder-ogg-theora: a1e56fd34408186e4bbccfd4996cb3dc -> 
  custom:container-muxer-webm: aa71ff27fc2769a1b78a27578f13a17b -> 
  custom:container-demuxer-webm: 4f35f7cbe854078d1ac9338744f61a02 -> 
  custom:container-demuxer-ogg: 62fdf1f143b41e24485cea50d1cbac27 -> 
  custom:video-encoder-webm-vp8: eb34c28f22e8b96e1ab97ce403110664 -> 
  custom:video-decoder-webm-vp8: 9c59270c3fd7afecdb556c50c9e8de78 -> 
  custom:audio-decoder-ogg-vorbis: bf7c407c2cedff20999df2af8eb42d56 -> 
  custom:audio-encoder-webm-vorbis: bf7c407c2cedff20999df2af8eb42d56 -> 
========================================================================
Received Prepare
Registering precompiled user dll's ...
Registered in 0.005864 seconds.
Begin MonoManager ReloadAssembly
Symbol file LoadedFromMemory doesn't match image D:\grome\Documents\GitHub\Proyecto_Cupra\CUPRA_TRUCO\Library\PackageCache\com.unity.visualscripting@1.6.1\Editor\VisualScripting.Core\Dependencies\YamlDotNet\Unity.VisualScripting.YamlDotNet.dll
Symbol file LoadedFromMemory doesn't match image D:\grome\Documents\GitHub\Proyecto_Cupra\CUPRA_TRUCO\Library\PackageCache\com.unity.visualscripting@1.6.1\Editor\VisualScripting.Core\Dependencies\DotNetZip\Unity.VisualScripting.IonicZip.dll
Native extension for WindowsStandalone target not found
Refreshing native plugins compatible for Editor in 0.56 ms, found 3 plugins.
Preloading 0 native plugins for Editor in 0.00 ms.
Mono: successfully reloaded assembly
- Completed reload, in  1.215 seconds
Domain Reload Profiling:
	ReloadAssembly (1215ms)
		BeginReloadAssembly (134ms)
			ExecutionOrderSort (0ms)
			DisableScriptedObjects (6ms)
			BackupInstance (0ms)
			ReleaseScriptingObjects (0ms)
			CreateAndSetChildDomain (37ms)
		EndReloadAssembly (999ms)
			LoadAssemblies (110ms)
			RebuildTransferFunctionScriptingTraits (0ms)
			SetupTypeCache (376ms)
			ReleaseScriptCaches (1ms)
			RebuildScriptCaches (50ms)
			SetupLoadedEditorAssemblies (357ms)
				LogAssemblyErrors (0ms)
				InitializePlatformSupportModulesInManaged (6ms)
				SetLoadedEditorAssemblies (1ms)
				RefreshPlugins (1ms)
				BeforeProcessingInitializeOnLoad (111ms)
				ProcessInitializeOnLoadAttributes (225ms)
				ProcessInitializeOnLoadMethodAttributes (4ms)
				AfterProcessingInitializeOnLoad (9ms)
				EditorAssembliesLoaded (0ms)
			ExecutionOrderSort2 (0ms)
			AwakeInstancesAfterBackupRestoration (7ms)
Platform modules already initialized, skipping
Refreshing native plugins compatible for Editor in 0.57 ms, found 3 plugins.
Preloading 0 native plugins for Editor in 0.00 ms.
Unloading 2936 Unused Serialized files (Serialized files now loaded: 0)
System memory in use before: 107.0 MB.
System memory in use after: 107.3 MB.

Unloading 17 unused Assets to reduce memory usage. Loaded Objects now: 3406.
Total: 3.345600 ms (FindLiveObjects: 0.270200 ms CreateObjectMapping: 0.138700 ms MarkObjects: 2.917000 ms  DeleteObjects: 0.018900 ms)

AssetImportParameters requested are different than current active one (requested -> active):
  custom:framework-win-MediaFoundation: 216162199b28c13a410421893ffa2e32 -> 
  custom:video-decoder-ogg-theora: a1e56fd34408186e4bbccfd4996cb3dc -> 
  custom:container-muxer-webm: aa71ff27fc2769a1b78a27578f13a17b -> 
  custom:container-demuxer-webm: 4f35f7cbe854078d1ac9338744f61a02 -> 
  custom:container-demuxer-ogg: 62fdf1f143b41e24485cea50d1cbac27 -> 
  custom:video-encoder-webm-vp8: eb34c28f22e8b96e1ab97ce403110664 -> 
  custom:video-decoder-webm-vp8: 9c59270c3fd7afecdb556c50c9e8de78 -> 
  custom:audio-decoder-ogg-vorbis: bf7c407c2cedff20999df2af8eb42d56 -> 
  custom:audio-encoder-webm-vorbis: bf7c407c2cedff20999df2af8eb42d56 -> 
========================================================================
Received Import Request.
  Time since last request: 649.227000 seconds.
  path: Assets/UI Elements/WelcomeScreen
  artifactKey: Guid(62a38a3ef899715469704045744ffd88) Importer(815301076,1909f56bfc062723c751e8b465ee728b)
Start importing Assets/UI Elements/WelcomeScreen using Guid(62a38a3ef899715469704045744ffd88) Importer(815301076,1909f56bfc062723c751e8b465ee728b)  -> (artifact id: 'e62e58fbedb12561050aa80a82f463f8') in 0.011202 seconds 
  Import took 0.016898 seconds .

========================================================================
Received Import Request.
  Time since last request: 9.389412 seconds.
  path: Assets/UI Elements/Screens
  artifactKey: Guid(70991ee409259004e9b6a9144bbedc58) Importer(815301076,1909f56bfc062723c751e8b465ee728b)
Start importing Assets/UI Elements/Screens using Guid(70991ee409259004e9b6a9144bbedc58) Importer(815301076,1909f56bfc062723c751e8b465ee728b)  -> (artifact id: 'dd9c2ff4b9fd48891c9c12afa0706d37') in 0.007319 seconds 
  Import took 0.012826 seconds .

========================================================================
Received Import Request.
  Time since last request: 0.034382 seconds.
  path: Assets/UI Elements/Screens/discord.png
  artifactKey: Guid(59eef6d29e0de594482405d3707f378a) Importer(815301076,1909f56bfc062723c751e8b465ee728b)
Start importing Assets/UI Elements/Screens/discord.png using Guid(59eef6d29e0de594482405d3707f378a) Importer(815301076,1909f56bfc062723c751e8b465ee728b)  -> (artifact id: 'a66d2e8746713945a7389542cb43274c') in 0.074986 seconds 
  Import took 0.080169 seconds .

========================================================================
Received Import Request.
  Time since last request: 0.000332 seconds.
  path: Assets/UI Elements/Screens/Mapa.png
  artifactKey: Guid(5b2078ecce9030145acf11f2886146f7) Importer(815301076,1909f56bfc062723c751e8b465ee728b)
Start importing Assets/UI Elements/Screens/Mapa.png using Guid(5b2078ecce9030145acf11f2886146f7) Importer(815301076,1909f56bfc062723c751e8b465ee728b)  -> (artifact id: 'ed00e2fae1540b66230c8ce9b88648e3') in 0.068190 seconds 
  Import took 0.073434 seconds .

========================================================================
Received Import Request.
  Time since last request: 29.301082 seconds.
  path: Assets/Sound/X2Download.com - cara al sol remix (128 kbps).mp3
  artifactKey: Guid(10e2b8d7b498add4bacdd08192716114) Importer(815301076,1909f56bfc062723c751e8b465ee728b)
Start importing Assets/Sound/X2Download.com - cara al sol remix (128 kbps).mp3 using Guid(10e2b8d7b498add4bacdd08192716114) Importer(815301076,1909f56bfc062723c751e8b465ee728b)  -> (artifact id: '7d33a6582152d4ea5a082e37cd55df78') in 0.042561 seconds 
  Import took 0.048794 seconds .

========================================================================
Received Import Request.
  Time since last request: 4.137906 seconds.
  path: Assets/Sound
  artifactKey: Guid(ae3c534833c95454d967821c4290321a) Importer(815301076,1909f56bfc062723c751e8b465ee728b)
Start importing Assets/Sound using Guid(ae3c534833c95454d967821c4290321a) Importer(815301076,1909f56bfc062723c751e8b465ee728b)  -> (artifact id: 'cc853e1572f1f3c3f2dc2e87c4a6fbbb') in 0.006728 seconds 
  Import took 0.012358 seconds .

========================================================================
Received Prepare
Registering precompiled user dll's ...
Registered in 0.006415 seconds.
Begin MonoManager ReloadAssembly
Symbol file LoadedFromMemory doesn't match image D:\grome\Documents\GitHub\Proyecto_Cupra\CUPRA_TRUCO\Library\PackageCache\com.unity.visualscripting@1.6.1\Editor\VisualScripting.Core\Dependencies\YamlDotNet\Unity.VisualScripting.YamlDotNet.dll
Symbol file LoadedFromMemory doesn't match image D:\grome\Documents\GitHub\Proyecto_Cupra\CUPRA_TRUCO\Library\PackageCache\com.unity.visualscripting@1.6.1\Editor\VisualScripting.Core\Dependencies\DotNetZip\Unity.VisualScripting.IonicZip.dll
Native extension for WindowsStandalone target not found
Refreshing native plugins compatible for Editor in 0.60 ms, found 3 plugins.
Preloading 0 native plugins for Editor in 0.00 ms.
Mono: successfully reloaded assembly
- Completed reload, in  1.304 seconds
Domain Reload Profiling:
	ReloadAssembly (1304ms)
		BeginReloadAssembly (138ms)
			ExecutionOrderSort (0ms)
			DisableScriptedObjects (6ms)
			BackupInstance (0ms)
			ReleaseScriptingObjects (0ms)
			CreateAndSetChildDomain (42ms)
		EndReloadAssembly (1093ms)
			LoadAssemblies (112ms)
			RebuildTransferFunctionScriptingTraits (0ms)
			SetupTypeCache (368ms)
			ReleaseScriptCaches (1ms)
			RebuildScriptCaches (66ms)
			SetupLoadedEditorAssemblies (418ms)
				LogAssemblyErrors (0ms)
				InitializePlatformSupportModulesInManaged (7ms)
				SetLoadedEditorAssemblies (1ms)
				RefreshPlugins (1ms)
				BeforeProcessingInitializeOnLoad (140ms)
				ProcessInitializeOnLoadAttributes (254ms)
				ProcessInitializeOnLoadMethodAttributes (5ms)
				AfterProcessingInitializeOnLoad (10ms)
				EditorAssembliesLoaded (0ms)
			ExecutionOrderSort2 (0ms)
			AwakeInstancesAfterBackupRestoration (8ms)
Platform modules already initialized, skipping
Refreshing native plugins compatible for Editor in 0.62 ms, found 3 plugins.
Preloading 0 native plugins for Editor in 0.00 ms.
Unloading 2936 Unused Serialized files (Serialized files now loaded: 0)
System memory in use before: 107.1 MB.
System memory in use after: 107.4 MB.

Unloading 17 unused Assets to reduce memory usage. Loaded Objects now: 3419.
Total: 3.503600 ms (FindLiveObjects: 0.282300 ms CreateObjectMapping: 0.154800 ms MarkObjects: 3.041200 ms  DeleteObjects: 0.024300 ms)

AssetImportParameters requested are different than current active one (requested -> active):
  custom:framework-win-MediaFoundation: 216162199b28c13a410421893ffa2e32 -> 
  custom:video-decoder-ogg-theora: a1e56fd34408186e4bbccfd4996cb3dc -> 
  custom:container-muxer-webm: aa71ff27fc2769a1b78a27578f13a17b -> 
  custom:container-demuxer-webm: 4f35f7cbe854078d1ac9338744f61a02 -> 
  custom:container-demuxer-ogg: 62fdf1f143b41e24485cea50d1cbac27 -> 
  custom:video-encoder-webm-vp8: eb34c28f22e8b96e1ab97ce403110664 -> 
  custom:video-decoder-webm-vp8: 9c59270c3fd7afecdb556c50c9e8de78 -> 
  custom:audio-decoder-ogg-vorbis: bf7c407c2cedff20999df2af8eb42d56 -> 
  custom:audio-encoder-webm-vorbis: bf7c407c2cedff20999df2af8eb42d56 -> 
========================================================================
Received Import Request.
  Time since last request: 18.194370 seconds.
  path: Assets/Sound/Subwoolfer  Give That Wolf A Banana Lyrics Norway  Eurovision 2022.mp3
  artifactKey: Guid(6b2fbf76ae735214eb5445c09aabfc79) Importer(815301076,1909f56bfc062723c751e8b465ee728b)
Start importing Assets/Sound/Subwoolfer  Give That Wolf A Banana Lyrics Norway  Eurovision 2022.mp3 using Guid(6b2fbf76ae735214eb5445c09aabfc79) Importer(815301076,1909f56bfc062723c751e8b465ee728b)  -> (artifact id: '2c9aa9e9b8dde5d3d24fd7b6f53a492a') in 0.059191 seconds 
  Import took 0.065205 seconds .

========================================================================
Received Prepare
Registering precompiled user dll's ...
Registered in 0.008641 seconds.
Begin MonoManager ReloadAssembly
Symbol file LoadedFromMemory doesn't match image D:\grome\Documents\GitHub\Proyecto_Cupra\CUPRA_TRUCO\Library\PackageCache\com.unity.visualscripting@1.6.1\Editor\VisualScripting.Core\Dependencies\YamlDotNet\Unity.VisualScripting.YamlDotNet.dll
Symbol file LoadedFromMemory doesn't match image D:\grome\Documents\GitHub\Proyecto_Cupra\CUPRA_TRUCO\Library\PackageCache\com.unity.visualscripting@1.6.1\Editor\VisualScripting.Core\Dependencies\DotNetZip\Unity.VisualScripting.IonicZip.dll
Native extension for WindowsStandalone target not found
Refreshing native plugins compatible for Editor in 0.85 ms, found 3 plugins.
Preloading 0 native plugins for Editor in 0.00 ms.
Mono: successfully reloaded assembly
- Completed reload, in  1.564 seconds
Domain Reload Profiling:
	ReloadAssembly (1565ms)
		BeginReloadAssembly (157ms)
			ExecutionOrderSort (0ms)
			DisableScriptedObjects (7ms)
			BackupInstance (0ms)
			ReleaseScriptingObjects (0ms)
			CreateAndSetChildDomain (45ms)
		EndReloadAssembly (1309ms)
			LoadAssemblies (143ms)
			RebuildTransferFunctionScriptingTraits (0ms)
			SetupTypeCache (489ms)
			ReleaseScriptCaches (2ms)
			RebuildScriptCaches (72ms)
			SetupLoadedEditorAssemblies (476ms)
				LogAssemblyErrors (0ms)
				InitializePlatformSupportModulesInManaged (8ms)
				SetLoadedEditorAssemblies (1ms)
				RefreshPlugins (1ms)
				BeforeProcessingInitializeOnLoad (138ms)
				ProcessInitializeOnLoadAttributes (311ms)
				ProcessInitializeOnLoadMethodAttributes (5ms)
				AfterProcessingInitializeOnLoad (11ms)
				EditorAssembliesLoaded (0ms)
			ExecutionOrderSort2 (0ms)
			AwakeInstancesAfterBackupRestoration (10ms)
Platform modules already initialized, skipping
Refreshing native plugins compatible for Editor in 0.88 ms, found 3 plugins.
Preloading 0 native plugins for Editor in 0.00 ms.
Unloading 2936 Unused Serialized files (Serialized files now loaded: 0)
System memory in use before: 107.2 MB.
System memory in use after: 107.4 MB.

Unloading 17 unused Assets to reduce memory usage. Loaded Objects now: 3423.
Total: 5.058200 ms (FindLiveObjects: 0.288000 ms CreateObjectMapping: 0.155900 ms MarkObjects: 4.539800 ms  DeleteObjects: 0.072700 ms)

AssetImportParameters requested are different than current active one (requested -> active):
  custom:framework-win-MediaFoundation: 216162199b28c13a410421893ffa2e32 -> 
  custom:video-decoder-ogg-theora: a1e56fd34408186e4bbccfd4996cb3dc -> 
  custom:container-muxer-webm: aa71ff27fc2769a1b78a27578f13a17b -> 
  custom:container-demuxer-webm: 4f35f7cbe854078d1ac9338744f61a02 -> 
  custom:container-demuxer-ogg: 62fdf1f143b41e24485cea50d1cbac27 -> 
  custom:video-encoder-webm-vp8: eb34c28f22e8b96e1ab97ce403110664 -> 
  custom:video-decoder-webm-vp8: 9c59270c3fd7afecdb556c50c9e8de78 -> 
  custom:audio-decoder-ogg-vorbis: bf7c407c2cedff20999df2af8eb42d56 -> 
  custom:audio-encoder-webm-vorbis: bf7c407c2cedff20999df2af8eb42d56 -> 
========================================================================
Received Import Request.
  Time since last request: 44.250383 seconds.
  path: Assets/Sound/GeneralMixer.mixer
  artifactKey: Guid(300713dc8f80e6f4b8a15ccfda75742c) Importer(815301076,1909f56bfc062723c751e8b465ee728b)
Start importing Assets/Sound/GeneralMixer.mixer using Guid(300713dc8f80e6f4b8a15ccfda75742c) Importer(815301076,1909f56bfc062723c751e8b465ee728b)  -> (artifact id: '8c91a498627fd094627b8437f610f165') in 0.030363 seconds 
  Import took 0.036213 seconds .

========================================================================
Received Import Request.
  Time since last request: 715.012701 seconds.
  path: Assets/Sound/GeneralMixer.mixer
  artifactKey: Guid(300713dc8f80e6f4b8a15ccfda75742c) Importer(815301076,1909f56bfc062723c751e8b465ee728b)
Start importing Assets/Sound/GeneralMixer.mixer using Guid(300713dc8f80e6f4b8a15ccfda75742c) Importer(815301076,1909f56bfc062723c751e8b465ee728b)  -> (artifact id: '5a57092665e4a47ee163238dc08bd586') in 0.003345 seconds 
  Import took 0.010690 seconds .

========================================================================
Received Import Request.
  Time since last request: 4.264042 seconds.
  path: Assets/Sound/GeneralMixer.mixer
  artifactKey: Guid(300713dc8f80e6f4b8a15ccfda75742c) Importer(815301076,1909f56bfc062723c751e8b465ee728b)
Start importing Assets/Sound/GeneralMixer.mixer using Guid(300713dc8f80e6f4b8a15ccfda75742c) Importer(815301076,1909f56bfc062723c751e8b465ee728b)  -> (artifact id: '127fa3bdfc39069b6726930c30b67079') in 0.004175 seconds 
  Import took 0.010184 seconds .

========================================================================
Received Import Request.
  Time since last request: 32.134597 seconds.
  path: Assets/Sound/GeneralMixer.mixer
  artifactKey: Guid(300713dc8f80e6f4b8a15ccfda75742c) Importer(815301076,1909f56bfc062723c751e8b465ee728b)
Start importing Assets/Sound/GeneralMixer.mixer using Guid(300713dc8f80e6f4b8a15ccfda75742c) Importer(815301076,1909f56bfc062723c751e8b465ee728b)  -> (artifact id: 'd66695952ee83d538973eac11fd3e2bb') in 0.003533 seconds 
  Import took 0.008470 seconds .

========================================================================
Received Import Request.
  Time since last request: 2.717064 seconds.
  path: Assets/Sound/GeneralMixer.mixer
  artifactKey: Guid(300713dc8f80e6f4b8a15ccfda75742c) Importer(815301076,1909f56bfc062723c751e8b465ee728b)
Start importing Assets/Sound/GeneralMixer.mixer using Guid(300713dc8f80e6f4b8a15ccfda75742c) Importer(815301076,1909f56bfc062723c751e8b465ee728b)  -> (artifact id: '9994eec9680f5f8aa28a2bcee9a5f4b0') in 0.003862 seconds 
  Import took 0.010463 seconds .

========================================================================
Received Import Request.
  Time since last request: 2.078885 seconds.
  path: Assets/Sound/GeneralMixer.mixer
  artifactKey: Guid(300713dc8f80e6f4b8a15ccfda75742c) Importer(815301076,1909f56bfc062723c751e8b465ee728b)
Start importing Assets/Sound/GeneralMixer.mixer using Guid(300713dc8f80e6f4b8a15ccfda75742c) Importer(815301076,1909f56bfc062723c751e8b465ee728b)  -> (artifact id: 'b839e352793e6cc68a5a68da8187166f') in 0.004387 seconds 
  Import took 0.011000 seconds .

========================================================================
Received Prepare
Registering precompiled user dll's ...
Registered in 0.006873 seconds.
Begin MonoManager ReloadAssembly
Symbol file LoadedFromMemory doesn't match image D:\grome\Documents\GitHub\Proyecto_Cupra\CUPRA_TRUCO\Library\PackageCache\com.unity.visualscripting@1.6.1\Editor\VisualScripting.Core\Dependencies\YamlDotNet\Unity.VisualScripting.YamlDotNet.dll
Symbol file LoadedFromMemory doesn't match image D:\grome\Documents\GitHub\Proyecto_Cupra\CUPRA_TRUCO\Library\PackageCache\com.unity.visualscripting@1.6.1\Editor\VisualScripting.Core\Dependencies\DotNetZip\Unity.VisualScripting.IonicZip.dll
Native extension for WindowsStandalone target not found
Refreshing native plugins compatible for Editor in 0.58 ms, found 3 plugins.
Preloading 0 native plugins for Editor in 0.00 ms.
Mono: successfully reloaded assembly
- Completed reload, in  1.280 seconds
Domain Reload Profiling:
	ReloadAssembly (1281ms)
		BeginReloadAssembly (140ms)
			ExecutionOrderSort (0ms)
			DisableScriptedObjects (5ms)
			BackupInstance (0ms)
			ReleaseScriptingObjects (0ms)
			CreateAndSetChildDomain (40ms)
		EndReloadAssembly (1063ms)
			LoadAssemblies (120ms)
			RebuildTransferFunctionScriptingTraits (0ms)
			SetupTypeCache (379ms)
			ReleaseScriptCaches (2ms)
			RebuildScriptCaches (55ms)
			SetupLoadedEditorAssemblies (387ms)
				LogAssemblyErrors (0ms)
				InitializePlatformSupportModulesInManaged (7ms)
				SetLoadedEditorAssemblies (1ms)
				RefreshPlugins (1ms)
				BeforeProcessingInitializeOnLoad (113ms)
				ProcessInitializeOnLoadAttributes (252ms)
				ProcessInitializeOnLoadMethodAttributes (4ms)
				AfterProcessingInitializeOnLoad (10ms)
				EditorAssembliesLoaded (0ms)
			ExecutionOrderSort2 (0ms)
			AwakeInstancesAfterBackupRestoration (8ms)
Platform modules already initialized, skipping
Refreshing native plugins compatible for Editor in 0.73 ms, found 3 plugins.
Preloading 0 native plugins for Editor in 0.00 ms.
Unloading 2936 Unused Serialized files (Serialized files now loaded: 0)
System memory in use before: 107.2 MB.
System memory in use after: 107.4 MB.

Unloading 17 unused Assets to reduce memory usage. Loaded Objects now: 3426.
Total: 4.949300 ms (FindLiveObjects: 0.444500 ms CreateObjectMapping: 0.261200 ms MarkObjects: 4.190900 ms  DeleteObjects: 0.051200 ms)

AssetImportParameters requested are different than current active one (requested -> active):
  custom:framework-win-MediaFoundation: 216162199b28c13a410421893ffa2e32 -> 
  custom:video-decoder-ogg-theora: a1e56fd34408186e4bbccfd4996cb3dc -> 
  custom:container-muxer-webm: aa71ff27fc2769a1b78a27578f13a17b -> 
  custom:container-demuxer-webm: 4f35f7cbe854078d1ac9338744f61a02 -> 
  custom:container-demuxer-ogg: 62fdf1f143b41e24485cea50d1cbac27 -> 
  custom:video-encoder-webm-vp8: eb34c28f22e8b96e1ab97ce403110664 -> 
  custom:video-decoder-webm-vp8: 9c59270c3fd7afecdb556c50c9e8de78 -> 
  custom:audio-decoder-ogg-vorbis: bf7c407c2cedff20999df2af8eb42d56 -> 
  custom:audio-encoder-webm-vorbis: bf7c407c2cedff20999df2af8eb42d56 -> 
========================================================================
Received Import Request.
  Time since last request: 359.589677 seconds.
  path: Assets/Scripts
  artifactKey: Guid(c73f7b611e7fa29408295a93d11eccc9) Importer(815301076,1909f56bfc062723c751e8b465ee728b)
Start importing Assets/Scripts using Guid(c73f7b611e7fa29408295a93d11eccc9) Importer(815301076,1909f56bfc062723c751e8b465ee728b)  -> (artifact id: '6ce45377335605ba7e724d12cc455dfc') in 0.010576 seconds 
  Import took 0.016258 seconds .

========================================================================
Received Import Request.
  Time since last request: 1.504898 seconds.
  path: Assets/Scripts/PlayPause.cs
  artifactKey: Guid(fd2c0cf347cc50143a2763c9714a8216) Importer(815301076,1909f56bfc062723c751e8b465ee728b)
Start importing Assets/Scripts/PlayPause.cs using Guid(fd2c0cf347cc50143a2763c9714a8216) Importer(815301076,1909f56bfc062723c751e8b465ee728b)  -> (artifact id: 'f3ceda31b039ec5e00a0eb90a9f333b4') in 0.020956 seconds 
  Import took 0.026660 seconds .

========================================================================
Received Prepare
Registering precompiled user dll's ...
Registered in 0.006337 seconds.
Begin MonoManager ReloadAssembly
Symbol file LoadedFromMemory doesn't match image D:\grome\Documents\GitHub\Proyecto_Cupra\CUPRA_TRUCO\Library\PackageCache\com.unity.visualscripting@1.6.1\Editor\VisualScripting.Core\Dependencies\YamlDotNet\Unity.VisualScripting.YamlDotNet.dll
Symbol file LoadedFromMemory doesn't match image D:\grome\Documents\GitHub\Proyecto_Cupra\CUPRA_TRUCO\Library\PackageCache\com.unity.visualscripting@1.6.1\Editor\VisualScripting.Core\Dependencies\DotNetZip\Unity.VisualScripting.IonicZip.dll
Native extension for WindowsStandalone target not found
Refreshing native plugins compatible for Editor in 0.67 ms, found 3 plugins.
Preloading 0 native plugins for Editor in 0.00 ms.
Mono: successfully reloaded assembly
- Completed reload, in  1.469 seconds
Domain Reload Profiling:
	ReloadAssembly (1469ms)
		BeginReloadAssembly (133ms)
			ExecutionOrderSort (0ms)
			DisableScriptedObjects (8ms)
			BackupInstance (0ms)
			ReleaseScriptingObjects (0ms)
			CreateAndSetChildDomain (41ms)
		EndReloadAssembly (1251ms)
			LoadAssemblies (115ms)
			RebuildTransferFunctionScriptingTraits (0ms)
			SetupTypeCache (476ms)
			ReleaseScriptCaches (1ms)
			RebuildScriptCaches (57ms)
			SetupLoadedEditorAssemblies (433ms)
				LogAssemblyErrors (0ms)
				InitializePlatformSupportModulesInManaged (7ms)
				SetLoadedEditorAssemblies (1ms)
				RefreshPlugins (1ms)
				BeforeProcessingInitializeOnLoad (136ms)
				ProcessInitializeOnLoadAttributes (271ms)
				ProcessInitializeOnLoadMethodAttributes (5ms)
				AfterProcessingInitializeOnLoad (11ms)
				EditorAssembliesLoaded (0ms)
			ExecutionOrderSort2 (0ms)
			AwakeInstancesAfterBackupRestoration (8ms)
Platform modules already initialized, skipping
Refreshing native plugins compatible for Editor in 0.82 ms, found 3 plugins.
Preloading 0 native plugins for Editor in 0.00 ms.
Unloading 2936 Unused Serialized files (Serialized files now loaded: 0)
System memory in use before: 107.2 MB.
System memory in use after: 107.4 MB.

Unloading 17 unused Assets to reduce memory usage. Loaded Objects now: 3429.
Total: 4.143200 ms (FindLiveObjects: 0.461500 ms CreateObjectMapping: 0.304600 ms MarkObjects: 3.308300 ms  DeleteObjects: 0.066800 ms)

AssetImportParameters requested are different than current active one (requested -> active):
  custom:framework-win-MediaFoundation: 216162199b28c13a410421893ffa2e32 -> 
  custom:video-decoder-ogg-theora: a1e56fd34408186e4bbccfd4996cb3dc -> 
  custom:container-muxer-webm: aa71ff27fc2769a1b78a27578f13a17b -> 
  custom:container-demuxer-webm: 4f35f7cbe854078d1ac9338744f61a02 -> 
  custom:container-demuxer-ogg: 62fdf1f143b41e24485cea50d1cbac27 -> 
  custom:video-encoder-webm-vp8: eb34c28f22e8b96e1ab97ce403110664 -> 
  custom:video-decoder-webm-vp8: 9c59270c3fd7afecdb556c50c9e8de78 -> 
  custom:audio-decoder-ogg-vorbis: bf7c407c2cedff20999df2af8eb42d56 -> 
  custom:audio-encoder-webm-vorbis: bf7c407c2cedff20999df2af8eb42d56 -> 
========================================================================
Received Prepare
Registering precompiled user dll's ...
Registered in 0.007982 seconds.
Begin MonoManager ReloadAssembly
Symbol file LoadedFromMemory doesn't match image D:\grome\Documents\GitHub\Proyecto_Cupra\CUPRA_TRUCO\Library\PackageCache\com.unity.visualscripting@1.6.1\Editor\VisualScripting.Core\Dependencies\YamlDotNet\Unity.VisualScripting.YamlDotNet.dll
Symbol file LoadedFromMemory doesn't match image D:\grome\Documents\GitHub\Proyecto_Cupra\CUPRA_TRUCO\Library\PackageCache\com.unity.visualscripting@1.6.1\Editor\VisualScripting.Core\Dependencies\DotNetZip\Unity.VisualScripting.IonicZip.dll
Native extension for WindowsStandalone target not found
Refreshing native plugins compatible for Editor in 0.77 ms, found 3 plugins.
Preloading 0 native plugins for Editor in 0.00 ms.
Mono: successfully reloaded assembly
- Completed reload, in  1.337 seconds
Domain Reload Profiling:
	ReloadAssembly (1337ms)
		BeginReloadAssembly (131ms)
			ExecutionOrderSort (0ms)
			DisableScriptedObjects (7ms)
			BackupInstance (0ms)
			ReleaseScriptingObjects (0ms)
			CreateAndSetChildDomain (37ms)
		EndReloadAssembly (1127ms)
			LoadAssemblies (120ms)
			RebuildTransferFunctionScriptingTraits (0ms)
			SetupTypeCache (385ms)
			ReleaseScriptCaches (1ms)
			RebuildScriptCaches (56ms)
			SetupLoadedEditorAssemblies (444ms)
				LogAssemblyErrors (0ms)
				InitializePlatformSupportModulesInManaged (9ms)
				SetLoadedEditorAssemblies (1ms)
				RefreshPlugins (1ms)
				BeforeProcessingInitializeOnLoad (153ms)
				ProcessInitializeOnLoadAttributes (263ms)
				ProcessInitializeOnLoadMethodAttributes (6ms)
				AfterProcessingInitializeOnLoad (10ms)
				EditorAssembliesLoaded (0ms)
			ExecutionOrderSort2 (0ms)
			AwakeInstancesAfterBackupRestoration (8ms)
Platform modules already initialized, skipping
Refreshing native plugins compatible for Editor in 0.69 ms, found 3 plugins.
Preloading 0 native plugins for Editor in 0.00 ms.
Unloading 2936 Unused Serialized files (Serialized files now loaded: 0)
System memory in use before: 107.2 MB.
System memory in use after: 107.4 MB.

Unloading 17 unused Assets to reduce memory usage. Loaded Objects now: 3432.
Total: 3.393500 ms (FindLiveObjects: 0.293100 ms CreateObjectMapping: 0.200800 ms MarkObjects: 2.879500 ms  DeleteObjects: 0.019300 ms)

AssetImportParameters requested are different than current active one (requested -> active):
  custom:framework-win-MediaFoundation: 216162199b28c13a410421893ffa2e32 -> 
  custom:video-decoder-ogg-theora: a1e56fd34408186e4bbccfd4996cb3dc -> 
  custom:container-muxer-webm: aa71ff27fc2769a1b78a27578f13a17b -> 
  custom:container-demuxer-webm: 4f35f7cbe854078d1ac9338744f61a02 -> 
  custom:container-demuxer-ogg: 62fdf1f143b41e24485cea50d1cbac27 -> 
  custom:video-encoder-webm-vp8: eb34c28f22e8b96e1ab97ce403110664 -> 
  custom:video-decoder-webm-vp8: 9c59270c3fd7afecdb556c50c9e8de78 -> 
  custom:audio-decoder-ogg-vorbis: bf7c407c2cedff20999df2af8eb42d56 -> 
  custom:audio-encoder-webm-vorbis: bf7c407c2cedff20999df2af8eb42d56 -> 
========================================================================
Received Import Request.
  Time since last request: 3818.921311 seconds.
  path: Assets/Scripts/PlayPause.cs
  artifactKey: Guid(fd2c0cf347cc50143a2763c9714a8216) Importer(815301076,1909f56bfc062723c751e8b465ee728b)
Start importing Assets/Scripts/PlayPause.cs using Guid(fd2c0cf347cc50143a2763c9714a8216) Importer(815301076,1909f56bfc062723c751e8b465ee728b)  -> (artifact id: '2effcbb2360623bbfd04208d90e56de1') in 0.011911 seconds 
  Import took 0.019088 seconds .

========================================================================
Received Prepare
Registering precompiled user dll's ...
Registered in 0.007633 seconds.
Begin MonoManager ReloadAssembly
Symbol file LoadedFromMemory doesn't match image D:\grome\Documents\GitHub\Proyecto_Cupra\CUPRA_TRUCO\Library\PackageCache\com.unity.visualscripting@1.6.1\Editor\VisualScripting.Core\Dependencies\YamlDotNet\Unity.VisualScripting.YamlDotNet.dll
Symbol file LoadedFromMemory doesn't match image D:\grome\Documents\GitHub\Proyecto_Cupra\CUPRA_TRUCO\Library\PackageCache\com.unity.visualscripting@1.6.1\Editor\VisualScripting.Core\Dependencies\DotNetZip\Unity.VisualScripting.IonicZip.dll
Native extension for WindowsStandalone target not found
Refreshing native plugins compatible for Editor in 0.60 ms, found 3 plugins.
Preloading 0 native plugins for Editor in 0.00 ms.
Mono: successfully reloaded assembly
- Completed reload, in  1.516 seconds
Domain Reload Profiling:
	ReloadAssembly (1517ms)
		BeginReloadAssembly (143ms)
			ExecutionOrderSort (0ms)
			DisableScriptedObjects (6ms)
			BackupInstance (0ms)
			ReleaseScriptingObjects (0ms)
			CreateAndSetChildDomain (39ms)
		EndReloadAssembly (1279ms)
			LoadAssemblies (129ms)
			RebuildTransferFunctionScriptingTraits (0ms)
			SetupTypeCache (431ms)
			ReleaseScriptCaches (1ms)
			RebuildScriptCaches (65ms)
			SetupLoadedEditorAssemblies (464ms)
				LogAssemblyErrors (0ms)
				InitializePlatformSupportModulesInManaged (7ms)
				SetLoadedEditorAssemblies (1ms)
				RefreshPlugins (1ms)
				BeforeProcessingInitializeOnLoad (130ms)
				ProcessInitializeOnLoadAttributes (308ms)
				ProcessInitializeOnLoadMethodAttributes (6ms)
				AfterProcessingInitializeOnLoad (10ms)
				EditorAssembliesLoaded (1ms)
			ExecutionOrderSort2 (0ms)
			AwakeInstancesAfterBackupRestoration (8ms)
Platform modules already initialized, skipping
Refreshing native plugins compatible for Editor in 0.98 ms, found 3 plugins.
Preloading 0 native plugins for Editor in 0.00 ms.
Unloading 2936 Unused Serialized files (Serialized files now loaded: 0)
System memory in use before: 107.2 MB.
System memory in use after: 107.4 MB.

Unloading 17 unused Assets to reduce memory usage. Loaded Objects now: 3435.
Total: 4.213100 ms (FindLiveObjects: 0.299100 ms CreateObjectMapping: 0.413100 ms MarkObjects: 3.473600 ms  DeleteObjects: 0.026000 ms)

AssetImportParameters requested are different than current active one (requested -> active):
  custom:framework-win-MediaFoundation: 216162199b28c13a410421893ffa2e32 -> 
  custom:video-decoder-ogg-theora: a1e56fd34408186e4bbccfd4996cb3dc -> 
  custom:container-muxer-webm: aa71ff27fc2769a1b78a27578f13a17b -> 
  custom:container-demuxer-webm: 4f35f7cbe854078d1ac9338744f61a02 -> 
  custom:container-demuxer-ogg: 62fdf1f143b41e24485cea50d1cbac27 -> 
  custom:video-encoder-webm-vp8: eb34c28f22e8b96e1ab97ce403110664 -> 
  custom:video-decoder-webm-vp8: 9c59270c3fd7afecdb556c50c9e8de78 -> 
  custom:audio-decoder-ogg-vorbis: bf7c407c2cedff20999df2af8eb42d56 -> 
  custom:audio-encoder-webm-vorbis: bf7c407c2cedff20999df2af8eb42d56 -> 
========================================================================
Received Import Request.
  Time since last request: 92.439256 seconds.
  path: Assets/Scripts/PlayPause.cs
  artifactKey: Guid(fd2c0cf347cc50143a2763c9714a8216) Importer(815301076,1909f56bfc062723c751e8b465ee728b)
Start importing Assets/Scripts/PlayPause.cs using Guid(fd2c0cf347cc50143a2763c9714a8216) Importer(815301076,1909f56bfc062723c751e8b465ee728b)  -> (artifact id: '66680f0d1cfdfeabeda73b57a94e8afa') in 0.006204 seconds 
  Import took 0.012957 seconds .

========================================================================
Received Prepare
Registering precompiled user dll's ...
Registered in 0.008126 seconds.
Begin MonoManager ReloadAssembly
Symbol file LoadedFromMemory doesn't match image D:\grome\Documents\GitHub\Proyecto_Cupra\CUPRA_TRUCO\Library\PackageCache\com.unity.visualscripting@1.6.1\Editor\VisualScripting.Core\Dependencies\YamlDotNet\Unity.VisualScripting.YamlDotNet.dll
Symbol file LoadedFromMemory doesn't match image D:\grome\Documents\GitHub\Proyecto_Cupra\CUPRA_TRUCO\Library\PackageCache\com.unity.visualscripting@1.6.1\Editor\VisualScripting.Core\Dependencies\DotNetZip\Unity.VisualScripting.IonicZip.dll
Native extension for WindowsStandalone target not found
Refreshing native plugins compatible for Editor in 0.77 ms, found 3 plugins.
Preloading 0 native plugins for Editor in 0.00 ms.
Mono: successfully reloaded assembly
- Completed reload, in  1.637 seconds
Domain Reload Profiling:
	ReloadAssembly (1637ms)
		BeginReloadAssembly (157ms)
			ExecutionOrderSort (0ms)
			DisableScriptedObjects (6ms)
			BackupInstance (0ms)
			ReleaseScriptingObjects (0ms)
			CreateAndSetChildDomain (46ms)
		EndReloadAssembly (1374ms)
			LoadAssemblies (150ms)
			RebuildTransferFunctionScriptingTraits (0ms)
			SetupTypeCache (492ms)
			ReleaseScriptCaches (2ms)
			RebuildScriptCaches (75ms)
			SetupLoadedEditorAssemblies (495ms)
				LogAssemblyErrors (0ms)
				InitializePlatformSupportModulesInManaged (8ms)
				SetLoadedEditorAssemblies (1ms)
				RefreshPlugins (1ms)
				BeforeProcessingInitializeOnLoad (159ms)
				ProcessInitializeOnLoadAttributes (303ms)
				ProcessInitializeOnLoadMethodAttributes (8ms)
				AfterProcessingInitializeOnLoad (15ms)
				EditorAssembliesLoaded (1ms)
			ExecutionOrderSort2 (0ms)
			AwakeInstancesAfterBackupRestoration (12ms)
Platform modules already initialized, skipping
Refreshing native plugins compatible for Editor in 0.80 ms, found 3 plugins.
Preloading 0 native plugins for Editor in 0.00 ms.
Unloading 2936 Unused Serialized files (Serialized files now loaded: 0)
System memory in use before: 107.2 MB.
System memory in use after: 107.4 MB.

Unloading 17 unused Assets to reduce memory usage. Loaded Objects now: 3438.
Total: 4.966300 ms (FindLiveObjects: 0.636200 ms CreateObjectMapping: 1.174500 ms MarkObjects: 3.131600 ms  DeleteObjects: 0.022800 ms)

AssetImportParameters requested are different than current active one (requested -> active):
  custom:framework-win-MediaFoundation: 216162199b28c13a410421893ffa2e32 -> 
  custom:video-decoder-ogg-theora: a1e56fd34408186e4bbccfd4996cb3dc -> 
  custom:container-muxer-webm: aa71ff27fc2769a1b78a27578f13a17b -> 
  custom:container-demuxer-webm: 4f35f7cbe854078d1ac9338744f61a02 -> 
  custom:container-demuxer-ogg: 62fdf1f143b41e24485cea50d1cbac27 -> 
  custom:video-encoder-webm-vp8: eb34c28f22e8b96e1ab97ce403110664 -> 
  custom:video-decoder-webm-vp8: 9c59270c3fd7afecdb556c50c9e8de78 -> 
  custom:audio-decoder-ogg-vorbis: bf7c407c2cedff20999df2af8eb42d56 -> 
  custom:audio-encoder-webm-vorbis: bf7c407c2cedff20999df2af8eb42d56 -> 
========================================================================
Received Prepare
Registering precompiled user dll's ...
Registered in 0.006257 seconds.
Begin MonoManager ReloadAssembly
Symbol file LoadedFromMemory doesn't match image D:\grome\Documents\GitHub\Proyecto_Cupra\CUPRA_TRUCO\Library\PackageCache\com.unity.visualscripting@1.6.1\Editor\VisualScripting.Core\Dependencies\YamlDotNet\Unity.VisualScripting.YamlDotNet.dll
Symbol file LoadedFromMemory doesn't match image D:\grome\Documents\GitHub\Proyecto_Cupra\CUPRA_TRUCO\Library\PackageCache\com.unity.visualscripting@1.6.1\Editor\VisualScripting.Core\Dependencies\DotNetZip\Unity.VisualScripting.IonicZip.dll
Native extension for WindowsStandalone target not found
Refreshing native plugins compatible for Editor in 0.71 ms, found 3 plugins.
Preloading 0 native plugins for Editor in 0.00 ms.
Mono: successfully reloaded assembly
- Completed reload, in  1.407 seconds
Domain Reload Profiling:
	ReloadAssembly (1407ms)
		BeginReloadAssembly (151ms)
			ExecutionOrderSort (0ms)
			DisableScriptedObjects (5ms)
			BackupInstance (0ms)
			ReleaseScriptingObjects (0ms)
			CreateAndSetChildDomain (41ms)
		EndReloadAssembly (1170ms)
			LoadAssemblies (127ms)
			RebuildTransferFunctionScriptingTraits (0ms)
			SetupTypeCache (422ms)
			ReleaseScriptCaches (1ms)
			RebuildScriptCaches (65ms)
			SetupLoadedEditorAssemblies (425ms)
				LogAssemblyErrors (0ms)
				InitializePlatformSupportModulesInManaged (7ms)
				SetLoadedEditorAssemblies (1ms)
				RefreshPlugins (1ms)
				BeforeProcessingInitializeOnLoad (120ms)
				ProcessInitializeOnLoadAttributes (280ms)
				ProcessInitializeOnLoadMethodAttributes (5ms)
				AfterProcessingInitializeOnLoad (11ms)
				EditorAssembliesLoaded (1ms)
			ExecutionOrderSort2 (0ms)
			AwakeInstancesAfterBackupRestoration (10ms)
Platform modules already initialized, skipping
Refreshing native plugins compatible for Editor in 0.69 ms, found 3 plugins.
Preloading 0 native plugins for Editor in 0.00 ms.
Unloading 2936 Unused Serialized files (Serialized files now loaded: 0)
System memory in use before: 107.2 MB.
System memory in use after: 107.4 MB.

Unloading 17 unused Assets to reduce memory usage. Loaded Objects now: 3441.
Total: 3.998800 ms (FindLiveObjects: 0.475500 ms CreateObjectMapping: 0.212700 ms MarkObjects: 3.269600 ms  DeleteObjects: 0.039900 ms)

AssetImportParameters requested are different than current active one (requested -> active):
  custom:framework-win-MediaFoundation: 216162199b28c13a410421893ffa2e32 -> 
  custom:video-decoder-ogg-theora: a1e56fd34408186e4bbccfd4996cb3dc -> 
  custom:container-muxer-webm: aa71ff27fc2769a1b78a27578f13a17b -> 
  custom:container-demuxer-webm: 4f35f7cbe854078d1ac9338744f61a02 -> 
  custom:container-demuxer-ogg: 62fdf1f143b41e24485cea50d1cbac27 -> 
  custom:video-encoder-webm-vp8: eb34c28f22e8b96e1ab97ce403110664 -> 
  custom:video-decoder-webm-vp8: 9c59270c3fd7afecdb556c50c9e8de78 -> 
  custom:audio-decoder-ogg-vorbis: bf7c407c2cedff20999df2af8eb42d56 -> 
  custom:audio-encoder-webm-vorbis: bf7c407c2cedff20999df2af8eb42d56 -> 
AssetImportWorkerClient::OnTransportError - code=2 error=End of file
